<?xml version="1.0" encoding="UTF-8"?>
<testng-results ignored="0" total="1" passed="1" failed="0" skipped="0">
  <reporter-output>
  </reporter-output>
  <suite started-at="2021-12-23T14:22:27 IST" name="InetBankingV1" finished-at="2021-12-23T14:22:56 IST" duration-ms="29195">
    <groups>
    </groups>
    <test started-at="2021-12-23T14:22:27 IST" name="BankingApp Test" finished-at="2021-12-23T14:22:56 IST" duration-ms="29195">
      <class name="com.inetbanking.testCases.TC_LoginTest_001">
        <test-method is-config="true" signature="setup(java.lang.String)[pri:0, instance:com.inetbanking.testCases.TC_LoginTest_001@1f3f4916]" started-at="2021-12-23T14:22:27 IST" name="setup" finished-at="2021-12-23T14:22:53 IST" duration-ms="25396" status="PASS">
          <params>
            <param index="0">
              <value>
                <![CDATA[chrome]]>
              </value>
            </param>
          </params>
          <reporter-output>
          </reporter-output>
        </test-method> <!-- setup -->
        <test-method signature="logintest()[pri:0, instance:com.inetbanking.testCases.TC_LoginTest_001@1f3f4916]" started-at="2021-12-23T14:22:53 IST" name="logintest" finished-at="2021-12-23T14:22:56 IST" duration-ms="3275" status="PASS">
          <reporter-output>
          </reporter-output>
        </test-method> <!-- logintest -->
      </class> <!-- com.inetbanking.testCases.TC_LoginTest_001 -->
    </test> <!-- BankingApp Test -->
  </suite> <!-- InetBankingV1 -->
</testng-results>
